<?xml version="1.0" encoding="utf-8"?><testsuites name="pytest tests"><testsuite name="pytest" errors="0" failures="0" skipped="0" tests="27" time="4.824" timestamp="2026-03-05T19:18:55.641469+00:00" hostname="agent-env-93c15bf8-f2a9-4afc-aad2-3d85a49cba3f"><testcase classname="backend.tests.test_iteration10_coupons_streak_payments_reports.TestAuth" name="test_login_success" time="0.490" /><testcase classname="backend.tests.test_iteration10_coupons_streak_payments_reports.TestCoupons" name="test_get_available_coupons" time="0.451" /><testcase classname="backend.tests.test_iteration10_coupons_streak_payments_reports.TestCoupons" name="test_get_available_coupons_filtered_by_order_type" time="0.074" /><testcase classname="backend.tests.test_iteration10_coupons_streak_payments_reports.TestCoupons" name="test_validate_coupon_tuendi20" time="0.076" /><testcase classname="backend.tests.test_iteration10_coupons_streak_payments_reports.TestCoupons" name="test_validate_coupon_comida10" time="0.053" /><testcase classname="backend.tests.test_iteration10_coupons_streak_payments_reports.TestCoupons" name="test_validate_invalid_coupon" time="0.060" /><testcase classname="backend.tests.test_iteration10_coupons_streak_payments_reports.TestCoupons" name="test_apply_coupon_calculates_discount" time="0.083" /><testcase classname="backend.tests.test_iteration10_coupons_streak_payments_reports.TestCoupons" name="test_admin_create_coupon" time="0.062" /><testcase classname="backend.tests.test_iteration10_coupons_streak_payments_reports.TestCoupons" name="test_admin_list_all_coupons" time="0.057" /><testcase classname="backend.tests.test_iteration10_coupons_streak_payments_reports.TestStreak" name="test_get_streak_info" time="0.426" /><testcase classname="backend.tests.test_iteration10_coupons_streak_payments_reports.TestStreak" name="test_daily_checkin" time="0.058" /><testcase classname="backend.tests.test_iteration10_coupons_streak_payments_reports.TestStreak" name="test_streak_leaderboard" time="0.070" /><testcase classname="backend.tests.test_iteration10_coupons_streak_payments_reports.TestPayments" name="test_get_payment_methods" time="0.413" /><testcase classname="backend.tests.test_iteration10_coupons_streak_payments_reports.TestPayments" name="test_create_payment_multicaixa" time="0.062" /><testcase classname="backend.tests.test_iteration10_coupons_streak_payments_reports.TestPayments" name="test_create_and_confirm_payment" time="0.126" /><testcase classname="backend.tests.test_iteration10_coupons_streak_payments_reports.TestPayments" name="test_confirm_payment_wrong_code" time="0.131" /><testcase classname="backend.tests.test_iteration10_coupons_streak_payments_reports.TestPayments" name="test_get_my_payments" time="0.061" /><testcase classname="backend.tests.test_iteration10_coupons_streak_payments_reports.TestReports" name="test_admin_sales_summary" time="0.426" /><testcase classname="backend.tests.test_iteration10_coupons_streak_payments_reports.TestReports" name="test_admin_sales_csv_export" time="0.061" /><testcase classname="backend.tests.test_iteration10_coupons_streak_payments_reports.TestReports" name="test_user_history_summary" time="0.063" /><testcase classname="backend.tests.test_iteration10_coupons_streak_payments_reports.TestReports" name="test_user_history_csv_export" time="0.057" /><testcase classname="backend.tests.test_iteration10_coupons_streak_payments_reports.TestReports" name="test_reports_different_periods" time="0.238" /><testcase classname="backend.tests.test_iteration10_coupons_streak_payments_reports.TestRoleBasedAccess" name="test_admin_can_access_admin_reports" time="0.392" /><testcase classname="backend.tests.test_iteration10_coupons_streak_payments_reports.TestRoleBasedAccess" name="test_admin_can_create_coupons" time="0.058" /><testcase classname="backend.tests.test_iteration10_coupons_streak_payments_reports.TestRoleBasedAccess" name="test_admin_can_list_all_coupons" time="0.063" /><testcase classname="backend.tests.test_iteration10_coupons_streak_payments_reports.TestTierFiltering" name="test_bronze_user_cannot_see_vip_coupon" time="0.399" /><testcase classname="backend.tests.test_iteration10_coupons_streak_payments_reports.TestTierFiltering" name="test_apply_tier_restricted_coupon_fails_for_bronze" time="0.072" /></testsuite></testsuites>