<?xml version="1.0" encoding="utf-8"?><testsuites name="pytest tests"><testsuite name="pytest" errors="0" failures="0" skipped="0" tests="18" time="3.195" timestamp="2026-03-05T18:19:11.517466+00:00" hostname="agent-env-93c15bf8-f2a9-4afc-aad2-3d85a49cba3f"><testcase classname="backend.tests.test_iteration8_auth_consolidation.TestAuthRegister" name="test_01_register_new_user" time="0.423" /><testcase classname="backend.tests.test_iteration8_auth_consolidation.TestAuthRegister" name="test_02_register_duplicate_email_rejected" time="0.055" /><testcase classname="backend.tests.test_iteration8_auth_consolidation.TestAuthLogin" name="test_01_login_success" time="0.281" /><testcase classname="backend.tests.test_iteration8_auth_consolidation.TestAuthLogin" name="test_02_login_invalid_credentials" time="0.289" /><testcase classname="backend.tests.test_iteration8_auth_consolidation.TestAuthLogin" name="test_03_login_nonexistent_user" time="0.058" /><testcase classname="backend.tests.test_iteration8_auth_consolidation.TestAuthMe" name="test_01_get_me_with_tier_info" time="0.433" /><testcase classname="backend.tests.test_iteration8_auth_consolidation.TestAuthMe" name="test_02_me_without_auth_fails" time="0.185" /><testcase classname="backend.tests.test_iteration8_auth_consolidation.TestProfileUpdate" name="test_01_update_profile" time="0.148" /><testcase classname="backend.tests.test_iteration8_auth_consolidation.TestAuthLogout" name="test_01_logout_clears_cookies" time="0.524" /><testcase classname="backend.tests.test_iteration8_auth_consolidation.TestWalletWithServerAuth" name="test_01_wallet_balance_with_jwt" time="0.065" /><testcase classname="backend.tests.test_iteration8_auth_consolidation.TestWalletWithServerAuth" name="test_02_wallet_balance_without_auth_fails" time="0.127" /><testcase classname="backend.tests.test_iteration8_auth_consolidation.TestRestaurantsWithServerAuth" name="test_01_restaurants_with_jwt" time="0.054" /><testcase classname="backend.tests.test_iteration8_auth_consolidation.TestRestaurantsWithServerAuth" name="test_02_restaurants_without_auth_fails" time="0.133" /><testcase classname="backend.tests.test_iteration8_auth_consolidation.TestAuthRoles" name="test_01_get_user_roles" time="0.062" /><testcase classname="backend.tests.test_iteration8_auth_consolidation.TestAuthPoints" name="test_01_get_points_info" time="0.061" /><testcase classname="backend.tests.test_iteration8_auth_consolidation.TestForgotPassword" name="test_01_forgot_password_returns_token" time="0.071" /><testcase classname="backend.tests.test_iteration8_auth_consolidation.TestForgotPassword" name="test_02_forgot_password_nonexistent_email" time="0.056" /><testcase classname="backend.tests.test_iteration8_auth_consolidation.TestAdminPartnerAuth" name="test_01_user_me_has_partner_fields" time="0.070" /></testsuite></testsuites>