<?xml version="1.0" encoding="utf-8"?><testsuites name="pytest tests"><testsuite name="pytest" errors="0" failures="0" skipped="0" tests="33" time="2.937" timestamp="2026-03-01T19:09:00.870615+00:00" hostname="agent-env-79c13e96-1634-45fc-90a2-6044e1938ac2"><testcase classname="backend.tests.test_p2_p3_features.TestPaymentSystem" name="test_01_create_order_for_payment" time="0.700" /><testcase classname="backend.tests.test_p2_p3_features.TestPaymentSystem" name="test_02_get_bank_accounts" time="0.055" /><testcase classname="backend.tests.test_p2_p3_features.TestPaymentSystem" name="test_03_create_payment" time="0.058" /><testcase classname="backend.tests.test_p2_p3_features.TestPaymentSystem" name="test_04_confirm_payment_invalid_code" time="0.056" /><testcase classname="backend.tests.test_p2_p3_features.TestPaymentSystem" name="test_05_confirm_payment_valid_code" time="0.054" /><testcase classname="backend.tests.test_p2_p3_features.TestPaymentSystem" name="test_06_cannot_confirm_twice" time="0.079" /><testcase classname="backend.tests.test_p2_p3_features.TestPaymentSystem" name="test_07_get_my_payments" time="0.060" /><testcase classname="backend.tests.test_p2_p3_features.TestPaymentSystem" name="test_08_get_payment_by_id" time="0.057" /><testcase classname="backend.tests.test_p2_p3_features.TestOrderTracking" name="test_01_create_order" time="0.166" /><testcase classname="backend.tests.test_p2_p3_features.TestOrderTracking" name="test_02_update_status_preparando" time="0.053" /><testcase classname="backend.tests.test_p2_p3_features.TestOrderTracking" name="test_03_update_status_a_caminho" time="0.057" /><testcase classname="backend.tests.test_p2_p3_features.TestOrderTracking" name="test_04_update_status_entregue" time="0.051" /><testcase classname="backend.tests.test_p2_p3_features.TestOrderTracking" name="test_05_invalid_status_rejected" time="0.055" /><testcase classname="backend.tests.test_p2_p3_features.TestOrderTracking" name="test_06_get_orders_list" time="0.062" /><testcase classname="backend.tests.test_p2_p3_features.TestReviewsRatings" name="test_01_get_restaurant_for_review" time="0.058" /><testcase classname="backend.tests.test_p2_p3_features.TestReviewsRatings" name="test_02_create_review" time="0.062" /><testcase classname="backend.tests.test_p2_p3_features.TestReviewsRatings" name="test_03_invalid_rating_rejected" time="0.060" /><testcase classname="backend.tests.test_p2_p3_features.TestReviewsRatings" name="test_04_zero_rating_rejected" time="0.049" /><testcase classname="backend.tests.test_p2_p3_features.TestReviewsRatings" name="test_05_get_restaurant_reviews" time="0.053" /><testcase classname="backend.tests.test_p2_p3_features.TestReviewsRatings" name="test_06_update_existing_review" time="0.162" /><testcase classname="backend.tests.test_p2_p3_features.TestBackwardCompatTourism" name="test_01_get_tourist_places" time="0.052" /><testcase classname="backend.tests.test_p2_p3_features.TestBackwardCompatTourism" name="test_02_get_tourist_place_by_id" time="0.058" /><testcase classname="backend.tests.test_p2_p3_features.TestBackwardCompatTourism" name="test_03_filter_by_type" time="0.051" /><testcase classname="backend.tests.test_p2_p3_features.TestBackwardCompatTourism" name="test_04_create_booking" time="0.069" /><testcase classname="backend.tests.test_p2_p3_features.TestBackwardCompatTourism" name="test_05_get_bookings" time="0.054" /><testcase classname="backend.tests.test_p2_p3_features.TestBackwardCompatProperties" name="test_01_get_properties" time="0.054" /><testcase classname="backend.tests.test_p2_p3_features.TestBackwardCompatProperties" name="test_02_get_property_by_id" time="0.052" /><testcase classname="backend.tests.test_p2_p3_features.TestBackwardCompatProperties" name="test_03_filter_by_type" time="0.082" /><testcase classname="backend.tests.test_p2_p3_features.TestBackwardCompatProperties" name="test_04_filter_by_transaction" time="0.065" /><testcase classname="backend.tests.test_p2_p3_features.TestBackwardCompatProperties" name="test_05_create_property_inquiry" time="0.060" /><testcase classname="backend.tests.test_p2_p3_features.TestBackwardCompatProperties" name="test_06_get_inquiries" time="0.064" /><testcase classname="backend.tests.test_p2_p3_features.TestNewRoutersDirectly" name="test_01_tourism_places_via_new_router" time="0.057" /><testcase classname="backend.tests.test_p2_p3_features.TestNewRoutersDirectly" name="test_02_properties_via_new_router" time="0.057" /></testsuite></testsuites>