<?xml version="1.0" encoding="utf-8"?><testsuites name="pytest tests"><testsuite name="pytest" errors="0" failures="0" skipped="0" tests="16" time="2.264" timestamp="2026-03-06T09:07:48.539641+00:00" hostname="agent-env-8fa4f511-b631-4fba-aa29-f16c8ba416c6"><testcase classname="backend.tests.test_iteration12_websocket_analytics.TestAuthModule" name="test_register_returns_user_and_token" time="0.604" /><testcase classname="backend.tests.test_iteration12_websocket_analytics.TestAuthModule" name="test_login_with_valid_credentials" time="0.357" /><testcase classname="backend.tests.test_iteration12_websocket_analytics.TestAuthModule" name="test_auth_me_returns_user_info" time="0.068" /><testcase classname="backend.tests.test_iteration12_websocket_analytics.TestWebSocketEndpoints" name="test_ws_notifications_endpoint_via_websocket" time="0.062" /><testcase classname="backend.tests.test_iteration12_websocket_analytics.TestWebSocketEndpoints" name="test_ws_ride_tracking_endpoint_via_websocket" time="0.056" /><testcase classname="backend.tests.test_iteration12_websocket_analytics.TestWebSocketEndpoints" name="test_ws_chat_endpoint_via_websocket" time="0.054" /><testcase classname="backend.tests.test_iteration12_websocket_analytics.TestPartnerAnalytics" name="test_partner_registration" time="0.072" /><testcase classname="backend.tests.test_iteration12_websocket_analytics.TestPartnerAnalytics" name="test_advanced_analytics_endpoint_returns_structured_data" time="0.106" /><testcase classname="backend.tests.test_iteration12_websocket_analytics.TestPartnerAnalytics" name="test_basic_analytics_still_works" time="0.077" /><testcase classname="backend.tests.test_iteration12_websocket_analytics.TestPartnerAnalytics" name="test_partner_dashboard_endpoint" time="0.095" /><testcase classname="backend.tests.test_iteration12_websocket_analytics.TestRidesModule" name="test_request_ride" time="0.073" /><testcase classname="backend.tests.test_iteration12_websocket_analytics.TestRidesModule" name="test_get_rides" time="0.076" /><testcase classname="backend.tests.test_iteration12_websocket_analytics.TestRestaurantsModule" name="test_get_restaurants" time="0.120" /><testcase classname="backend.tests.test_iteration12_websocket_analytics.TestRestaurantsModule" name="test_get_menu" time="0.066" /><testcase classname="backend.tests.test_iteration12_websocket_analytics.TestRestaurantsModule" name="test_create_order" time="0.172" /><testcase classname="backend.tests.test_iteration12_websocket_analytics.TestTiersEndpoint" name="test_get_tiers" time="0.055" /></testsuite></testsuites>