<?xml version="1.0" encoding="utf-8"?><testsuites name="pytest tests"><testsuite name="pytest" errors="0" failures="0" skipped="0" tests="27" time="33.092" timestamp="2026-03-01T20:15:10.579624+00:00" hostname="agent-env-79c13e96-1634-45fc-90a2-6044e1938ac2"><testcase classname="backend.tests.test_iteration7_features.TestDocumentVerification" name="test_01_upload_document" time="0.558" /><testcase classname="backend.tests.test_iteration7_features.TestDocumentVerification" name="test_02_get_my_documents" time="0.069" /><testcase classname="backend.tests.test_iteration7_features.TestDocumentVerification" name="test_03_invalid_doc_type_rejected" time="0.076" /><testcase classname="backend.tests.test_iteration7_features.TestAdminDocumentReview" name="test_01_get_pending_documents" time="0.407" /><testcase classname="backend.tests.test_iteration7_features.TestAdminDocumentReview" name="test_02_approve_document" time="0.172" /><testcase classname="backend.tests.test_iteration7_features.TestAdminDocumentReview" name="test_03_reject_document_with_reason" time="0.137" /><testcase classname="backend.tests.test_iteration7_features.TestIVASettings" name="test_01_get_iva_settings_admin" time="0.061" /><testcase classname="backend.tests.test_iteration7_features.TestIVASettings" name="test_02_update_iva_settings" time="0.057" /><testcase classname="backend.tests.test_iteration7_features.TestIVASettings" name="test_03_get_public_iva_settings" time="0.068" /><testcase classname="backend.tests.test_iteration7_features.TestPartnerMenuManagement" name="test_01_get_menu_items_creates_restaurant" time="0.069" /><testcase classname="backend.tests.test_iteration7_features.TestPartnerMenuManagement" name="test_02_create_menu_item" time="0.070" /><testcase classname="backend.tests.test_iteration7_features.TestPartnerMenuManagement" name="test_03_update_menu_item" time="0.075" /><testcase classname="backend.tests.test_iteration7_features.TestPartnerMenuManagement" name="test_04_delete_menu_item" time="0.143" /><testcase classname="backend.tests.test_iteration7_features.TestPartnerOrderManagement" name="test_01_get_incoming_orders" time="0.062" /><testcase classname="backend.tests.test_iteration7_features.TestPartnerOrderManagement" name="test_02_create_order_for_partner_restaurant" time="0.476" /><testcase classname="backend.tests.test_iteration7_features.TestPartnerOrderManagement" name="test_03_update_order_status" time="0.152" /><testcase classname="backend.tests.test_iteration7_features.TestPartnerOrderManagement" name="test_04_filter_orders_by_status" time="0.069" /><testcase classname="backend.tests.test_iteration7_features.TestPartnerOrderManagement" name="test_05_invalid_status_rejected" time="0.125" /><testcase classname="backend.tests.test_iteration7_features.TestSalesReports" name="test_01_sales_report_day" time="0.066" /><testcase classname="backend.tests.test_iteration7_features.TestSalesReports" name="test_02_sales_report_week" time="0.058" /><testcase classname="backend.tests.test_iteration7_features.TestSalesReports" name="test_03_sales_report_month" time="0.065" /><testcase classname="backend.tests.test_iteration7_features.TestReferralSystem" name="test_01_get_my_referral_code" time="0.071" /><testcase classname="backend.tests.test_iteration7_features.TestReferralSystem" name="test_02_referral_rewards_structure" time="0.061" /><testcase classname="backend.tests.test_iteration7_features.TestReferralSystem" name="test_03_get_my_referrals" time="29.463" /><testcase classname="backend.tests.test_iteration7_features.TestReferralSystem" name="test_04_get_my_coupons" time="0.138" /><testcase classname="backend.tests.test_iteration7_features.TestReferralSystem" name="test_05_cannot_use_own_code" time="0.104" /><testcase classname="backend.tests.test_iteration7_features.TestReferralSystem" name="test_06_invalid_code_rejected" time="0.076" /></testsuite></testsuites>