<?xml version="1.0" encoding="utf-8"?><testsuites name="pytest tests"><testsuite name="pytest" errors="0" failures="1" skipped="0" tests="25" time="2.817" timestamp="2026-03-01T18:04:05.282795+00:00" hostname="agent-env-79c13e96-1634-45fc-90a2-6044e1938ac2"><testcase classname="tests.test_p1_features.TestAuthenticationFlow" name="test_01_register_user" time="0.433" /><testcase classname="tests.test_p1_features.TestAuthenticationFlow" name="test_02_login_user" time="0.400" /><testcase classname="tests.test_p1_features.TestAuthenticationFlow" name="test_03_invalid_login" time="0.141" /><testcase classname="tests.test_p1_features.TestUserTierSystem" name="test_01_get_user_tier" time="0.466" /><testcase classname="tests.test_p1_features.TestUserTierSystem" name="test_02_get_tier_options" time="0.056" /><testcase classname="tests.test_p1_features.TestUserTierSystem" name="test_03_upgrade_to_premium" time="0.063" /><testcase classname="tests.test_p1_features.TestUserTierSystem" name="test_04_verify_premium_tier" time="0.050" /><testcase classname="tests.test_p1_features.TestUserTierSystem" name="test_05_downgrade_to_normal" time="0.053" /><testcase classname="tests.test_p1_features.TestRestaurantSearch" name="test_01_get_restaurants" time="0.061" /><testcase classname="tests.test_p1_features.TestRestaurantSearch" name="test_02_search_restaurants_by_query" time="0.061" /><testcase classname="tests.test_p1_features.TestRestaurantSearch" name="test_03_filter_by_cuisine" time="0.056" /><testcase classname="tests.test_p1_features.TestRestaurantSearch" name="test_04_search_and_filter_combined" time="0.052" /><testcase classname="tests.test_p1_features.TestFiscalCompliance" name="test_01_calculate_iva" time="0.055" /><testcase classname="tests.test_p1_features.TestFiscalCompliance" name="test_02_get_fiscal_rules" time="0.054" /><testcase classname="tests.test_p1_features.TestFiscalCompliance" name="test_03_validate_nif_valid" time="0.055" /><testcase classname="tests.test_p1_features.TestFiscalCompliance" name="test_04_validate_nif_invalid" time="0.048" /><testcase classname="tests.test_p1_features.TestFiscalCompliance" name="test_05_commission_calculate" time="0.054" /><testcase classname="tests.test_p1_features.TestPartnerSystem" name="test_01_register_partner" time="0.064"><failure message="AssertionError: Partner registration failed: {&quot;detail&quot;:&quot;Usuário já é parceiro&quot;}&#10;assert 400 == 200&#10; +  where 400 = &lt;Response [400]&gt;.status_code">tests/test_p1_features.py:270: in test_01_register_partner
    assert response.status_code == 200, f"Partner registration failed: {response.text}"
E   AssertionError: Partner registration failed: {"detail":"Usuário já é parceiro"}
E   assert 400 == 200
E    +  where 400 = &lt;Response [400]&gt;.status_code</failure></testcase><testcase classname="tests.test_p1_features.TestPartnerSystem" name="test_02_get_partner_dashboard" time="0.066" /><testcase classname="tests.test_p1_features.TestAccountingModule" name="test_01_get_chart_of_accounts" time="0.055" /><testcase classname="tests.test_p1_features.TestAccountingModule" name="test_02_create_journal_entry" time="0.078" /><testcase classname="tests.test_p1_features.TestAccountingModule" name="test_03_journal_entry_must_balance" time="0.061" /><testcase classname="tests.test_p1_features.TestAccountingModule" name="test_04_get_trial_balance" time="0.058" /><testcase classname="tests.test_p1_features.TestAccountingModule" name="test_05_get_balance_sheet" time="0.063" /><testcase classname="tests.test_p1_features.TestAccountingModule" name="test_06_get_journal" time="0.068" /></testsuite></testsuites>