<?xml version="1.0" encoding="utf-8"?><testsuites name="pytest tests"><testsuite name="pytest" errors="0" failures="0" skipped="0" tests="22" time="2.152" timestamp="2026-03-01T19:36:04.338537+00:00" hostname="agent-env-79c13e96-1634-45fc-90a2-6044e1938ac2"><testcase classname="backend.tests.test_iteration6_features.TestAdminSystem" name="test_01_admin_stats" time="0.518" /><testcase classname="backend.tests.test_iteration6_features.TestAdminSystem" name="test_02_admin_config" time="0.063" /><testcase classname="backend.tests.test_iteration6_features.TestAdminSystem" name="test_03_admin_roles_definitions" time="0.063" /><testcase classname="backend.tests.test_iteration6_features.TestAdminSystem" name="test_04_admin_users_list" time="0.150" /><testcase classname="backend.tests.test_iteration6_features.TestAdminSystem" name="test_05_update_about_config" time="0.060" /><testcase classname="backend.tests.test_iteration6_features.TestAdminSystem" name="test_06_update_contacts_config" time="0.081" /><testcase classname="backend.tests.test_iteration6_features.TestAdminSystem" name="test_07_update_api_config" time="0.056" /><testcase classname="backend.tests.test_iteration6_features.TestAdminSystem" name="test_08_update_payment_config" time="0.062" /><testcase classname="backend.tests.test_iteration6_features.TestAdminSystem" name="test_09_assign_admin_role" time="0.195" /><testcase classname="backend.tests.test_iteration6_features.TestNotificationsSystem" name="test_01_get_notifications" time="0.064" /><testcase classname="backend.tests.test_iteration6_features.TestNotificationsSystem" name="test_02_mark_all_as_read" time="0.052" /><testcase classname="backend.tests.test_iteration6_features.TestPartnerAnalytics" name="test_01_register_as_partner" time="0.049" /><testcase classname="backend.tests.test_iteration6_features.TestPartnerAnalytics" name="test_02_get_partner_analytics" time="0.053" /><testcase classname="backend.tests.test_iteration6_features.TestPartnerAnalytics" name="test_03_update_bank_details" time="0.052" /><testcase classname="backend.tests.test_iteration6_features.TestPartnerAnalytics" name="test_04_get_bank_details" time="0.070" /><testcase classname="backend.tests.test_iteration6_features.TestEnhancedTaxi" name="test_01_request_ride_standard" time="0.053" /><testcase classname="backend.tests.test_iteration6_features.TestEnhancedTaxi" name="test_02_request_ride_comfort" time="0.058" /><testcase classname="backend.tests.test_iteration6_features.TestEnhancedTaxi" name="test_03_request_ride_premium" time="0.059" /><testcase classname="backend.tests.test_iteration6_features.TestEnhancedTaxi" name="test_04_update_ride_status" time="0.066" /><testcase classname="backend.tests.test_iteration6_features.TestEnhancedTaxi" name="test_05_complete_ride" time="0.061" /><testcase classname="backend.tests.test_iteration6_features.TestEnhancedTaxi" name="test_06_invalid_status_rejected" time="0.057" /><testcase classname="backend.tests.test_iteration6_features.TestEnhancedAuthMe" name="test_01_auth_me_admin_fields" time="0.075" /></testsuite></testsuites>