<?xml version="1.0" encoding="utf-8"?><testsuites name="pytest tests"><testsuite name="pytest" errors="0" failures="0" skipped="0" tests="28" time="2.526" timestamp="2026-03-06T08:46:08.698529+00:00" hostname="agent-env-8fa4f511-b631-4fba-aa29-f16c8ba416c6"><testcase classname="backend.tests.test_iteration11_full_features.TestAuthModule" name="test_register_returns_user_and_token" time="0.400" /><testcase classname="backend.tests.test_iteration11_full_features.TestAuthModule" name="test_login_with_valid_credentials" time="0.281" /><testcase classname="backend.tests.test_iteration11_full_features.TestAuthModule" name="test_login_with_invalid_credentials" time="0.282" /><testcase classname="backend.tests.test_iteration11_full_features.TestAuthModule" name="test_auth_me_returns_user_info" time="0.058" /><testcase classname="backend.tests.test_iteration11_full_features.TestRidesModule" name="test_get_connected_apps" time="0.061" /><testcase classname="backend.tests.test_iteration11_full_features.TestRidesModule" name="test_compare_ride_prices" time="0.055" /><testcase classname="backend.tests.test_iteration11_full_features.TestRidesModule" name="test_request_ride_creates_and_assigns_driver" time="0.057" /><testcase classname="backend.tests.test_iteration11_full_features.TestRidesModule" name="test_get_rides_list" time="0.062" /><testcase classname="backend.tests.test_iteration11_full_features.TestRidesModule" name="test_update_ride_status" time="0.067" /><testcase classname="backend.tests.test_iteration11_full_features.TestRidesModule" name="test_update_ride_status_to_concluido" time="0.055" /><testcase classname="backend.tests.test_iteration11_full_features.TestRestaurantsModule" name="test_get_restaurants_list" time="0.061" /><testcase classname="backend.tests.test_iteration11_full_features.TestRestaurantsModule" name="test_search_restaurants" time="0.056" /><testcase classname="backend.tests.test_iteration11_full_features.TestRestaurantsModule" name="test_get_restaurant_menu" time="0.058" /><testcase classname="backend.tests.test_iteration11_full_features.TestRestaurantsModule" name="test_create_order" time="0.058" /><testcase classname="backend.tests.test_iteration11_full_features.TestRestaurantsModule" name="test_get_orders_list" time="0.055" /><testcase classname="backend.tests.test_iteration11_full_features.TestRestaurantsModule" name="test_create_review" time="0.065" /><testcase classname="backend.tests.test_iteration11_full_features.TestRestaurantsModule" name="test_get_reviews" time="0.058" /><testcase classname="backend.tests.test_iteration11_full_features.TestBackwardCompatRoutes" name="test_get_tourist_places" time="0.055" /><testcase classname="backend.tests.test_iteration11_full_features.TestBackwardCompatRoutes" name="test_get_properties" time="0.059" /><testcase classname="backend.tests.test_iteration11_full_features.TestBackwardCompatRoutes" name="test_create_booking" time="0.107" /><testcase classname="backend.tests.test_iteration11_full_features.TestBackwardCompatRoutes" name="test_get_bookings" time="0.051" /><testcase classname="backend.tests.test_iteration11_full_features.TestBackwardCompatRoutes" name="test_create_property_inquiry" time="0.055" /><testcase classname="backend.tests.test_iteration11_full_features.TestBackwardCompatRoutes" name="test_get_property_inquiries" time="0.050" /><testcase classname="backend.tests.test_iteration11_full_features.TestOtherModules" name="test_get_wallet" time="0.055" /><testcase classname="backend.tests.test_iteration11_full_features.TestOtherModules" name="test_get_available_coupons" time="0.053" /><testcase classname="backend.tests.test_iteration11_full_features.TestOtherModules" name="test_streak_checkin" time="0.053" /><testcase classname="backend.tests.test_iteration11_full_features.TestOtherModules" name="test_get_notifications" time="0.056" /><testcase classname="backend.tests.test_iteration11_full_features.TestOtherModules" name="test_get_payment_methods" time="0.051" /></testsuite></testsuites>