<?xml version="1.0" encoding="utf-8"?><testsuites name="pytest tests"><testsuite name="pytest" errors="0" failures="0" skipped="0" tests="14" time="4.650" timestamp="2026-03-05T18:25:10.690948+00:00" hostname="agent-env-93c15bf8-f2a9-4afc-aad2-3d85a49cba3f"><testcase classname="backend.tests.test_iteration9_p1_interactivity.TestAuthSetup" name="test_login_and_get_initial_points" time="0.568" /><testcase classname="backend.tests.test_iteration9_p1_interactivity.TestTuendiRideCreation" name="test_create_ride_with_simulated_driver" time="0.423" /><testcase classname="backend.tests.test_iteration9_p1_interactivity.TestTuendiRideCompletion" name="test_complete_ride_awards_points" time="0.606" /><testcase classname="backend.tests.test_iteration9_p1_interactivity.TestTuendiRideCompletion" name="test_completion_creates_wallet_transaction" time="0.061" /><testcase classname="backend.tests.test_iteration9_p1_interactivity.TestTuendiRideCompletion" name="test_completion_sends_notification" time="0.069" /><testcase classname="backend.tests.test_iteration9_p1_interactivity.TestTuendiDeliveryInteractivity" name="test_create_delivery" time="0.529" /><testcase classname="backend.tests.test_iteration9_p1_interactivity.TestTuendiDeliveryInteractivity" name="test_complete_delivery_awards_points" time="0.140" /><testcase classname="backend.tests.test_iteration9_p1_interactivity.TestTuendiChatFunctionality" name="test_send_chat_message" time="0.450" /><testcase classname="backend.tests.test_iteration9_p1_interactivity.TestTuendiChatFunctionality" name="test_get_chat_messages" time="0.059" /><testcase classname="backend.tests.test_iteration9_p1_interactivity.TestRestaurantOrderCompletion" name="test_create_order" time="0.617" /><testcase classname="backend.tests.test_iteration9_p1_interactivity.TestRestaurantOrderCompletion" name="test_order_delivery_awards_points" time="0.146" /><testcase classname="backend.tests.test_iteration9_p1_interactivity.TestRestaurantOrderCompletion" name="test_order_delivery_creates_notification" time="0.055" /><testcase classname="backend.tests.test_iteration9_p1_interactivity.TestPointsVerification" name="test_final_points_check" time="0.410" /><testcase classname="backend.tests.test_iteration9_p1_interactivity.TestNotificationsEndpoint" name="test_get_notifications" time="0.427" /></testsuite></testsuites>